Using pre-set license
Built from '2020.3/staging' branch; Version is '2020.3.25f1 (9b9180224418) revision 10195328'; Using compiler version '192528614'; Build Type 'Release'
OS: 'Windows 10  (10.0.19042) 64bit CoreSingleLanguage' Language: 'en' Physical Memory: 16293 MB
BatchMode: 1, IsHumanControllingUs: 0, StartBugReporterOnCrash: 0, Is64bit: 1, IsPro: 0

COMMAND LINE ARGUMENTS:
C:\Program Files\Unity\Hub\Editor\2020.3.25f1\Editor\Unity.exe
-adb2
-batchMode
-noUpm
-name
AssetImportWorker0
-projectPath
D:/LOISIR/dev game/LF2_mul/Mul_LF2
-logFile
Logs/AssetImportWorker0.log
-srvPort
58090
Successfully changed project path to: D:/LOISIR/dev game/LF2_mul/Mul_LF2
D:/LOISIR/dev game/LF2_mul/Mul_LF2
Using Asset Import Pipeline V2.
Refreshing native plugins compatible for Editor in 98.50 ms, found 2 plugins.
Preloading 0 native plugins for Editor in 0.00 ms.
Initialize engine version: 2020.3.25f1 (9b9180224418)
[Subsystems] Discovering subsystems at path C:/Program Files/Unity/Hub/Editor/2020.3.25f1/Editor/Data/Resources/UnitySubsystems
[Subsystems] Discovering subsystems at path D:/LOISIR/dev game/LF2_mul/Mul_LF2/Assets
GfxDevice: creating device client; threaded=0
Direct3D:
    Version:  Direct3D 11.0 [level 11.0]
    Renderer: NVIDIA GeForce 920M (ID=0x1299)
    Vendor:   
    VRAM:     2009 MB
    Driver:   25.21.14.2531
Initialize mono
Mono path[0] = 'C:/Program Files/Unity/Hub/Editor/2020.3.25f1/Editor/Data/Managed'
Mono path[1] = 'C:/Program Files/Unity/Hub/Editor/2020.3.25f1/Editor/Data/MonoBleedingEdge/lib/mono/unityjit'
Mono config path = 'C:/Program Files/Unity/Hub/Editor/2020.3.25f1/Editor/Data/MonoBleedingEdge/etc'
Using monoOptions --debugger-agent=transport=dt_socket,embedding=1,server=y,suspend=n,address=127.0.0.1:56592
Begin MonoManager ReloadAssembly
Registering precompiled unity dll's ...
Register platform support module: C:/Program Files/Unity/Hub/Editor/2020.3.25f1/Editor/Data/PlaybackEngines/WindowsStandaloneSupport/UnityEditor.WindowsStandalone.Extensions.dll
Registered in 0.002769 seconds.
Native extension for WindowsStandalone target not found
Refreshing native plugins compatible for Editor in 83.48 ms, found 2 plugins.
Preloading 0 native plugins for Editor in 0.00 ms.
Mono: successfully reloaded assembly
- Completed reload, in  1.074 seconds
Domain Reload Profiling:
	ReloadAssembly (1074ms)
		BeginReloadAssembly (97ms)
			ExecutionOrderSort (0ms)
			DisableScriptedObjects (0ms)
			BackupInstance (0ms)
			ReleaseScriptingObjects (0ms)
			CreateAndSetChildDomain (1ms)
		EndReloadAssembly (842ms)
			LoadAssemblies (93ms)
			RebuildTransferFunctionScriptingTraits (0ms)
			SetupTypeCache (244ms)
			ReleaseScriptCaches (0ms)
			RebuildScriptCaches (61ms)
			SetupLoadedEditorAssemblies (360ms)
				LogAssemblyErrors (0ms)
				InitializePlatformSupportModulesInManaged (8ms)
				SetLoadedEditorAssemblies (0ms)
				RefreshPlugins (84ms)
				BeforeProcessingInitializeOnLoad (19ms)
				ProcessInitializeOnLoadAttributes (194ms)
				ProcessInitializeOnLoadMethodAttributes (54ms)
				AfterProcessingInitializeOnLoad (0ms)
				EditorAssembliesLoaded (2ms)
			ExecutionOrderSort2 (0ms)
			AwakeInstancesAfterBackupRestoration (0ms)
Platform modules already initialized, skipping
Registering precompiled user dll's ...
Registered in 0.012248 seconds.
Begin MonoManager ReloadAssembly
Native extension for WindowsStandalone target not found
Refreshing native plugins compatible for Editor in 101.38 ms, found 2 plugins.
Preloading 0 native plugins for Editor in 0.00 ms.
Mono: successfully reloaded assembly
- Completed reload, in  3.059 seconds
Domain Reload Profiling:
	ReloadAssembly (3061ms)
		BeginReloadAssembly (294ms)
			ExecutionOrderSort (0ms)
			DisableScriptedObjects (9ms)
			BackupInstance (0ms)
			ReleaseScriptingObjects (0ms)
			CreateAndSetChildDomain (33ms)
		EndReloadAssembly (2643ms)
			LoadAssemblies (186ms)
			RebuildTransferFunctionScriptingTraits (0ms)
			SetupTypeCache (660ms)
			ReleaseScriptCaches (1ms)
			RebuildScriptCaches (144ms)
			SetupLoadedEditorAssemblies (1419ms)
				LogAssemblyErrors (0ms)
				InitializePlatformSupportModulesInManaged (8ms)
				SetLoadedEditorAssemblies (1ms)
				RefreshPlugins (101ms)
				BeforeProcessingInitializeOnLoad (164ms)
				ProcessInitializeOnLoadAttributes (1115ms)
				ProcessInitializeOnLoadMethodAttributes (19ms)
				AfterProcessingInitializeOnLoad (11ms)
				EditorAssembliesLoaded (0ms)
			ExecutionOrderSort2 (0ms)
			AwakeInstancesAfterBackupRestoration (12ms)
Platform modules already initialized, skipping
========================================================================
Worker process is ready to serve import requests
Launched and connected shader compiler UnityShaderCompiler.exe after 0.14 seconds
Refreshing native plugins compatible for Editor in 1.18 ms, found 2 plugins.
Preloading 0 native plugins for Editor in 0.00 ms.
Unloading 3021 Unused Serialized files (Serialized files now loaded: 0)
System memory in use before: 149.2 MB.
System memory in use after: 149.4 MB.

Unloading 39 unused Assets to reduce memory usage. Loaded Objects now: 3460.
Total: 5.676900 ms (FindLiveObjects: 0.524300 ms CreateObjectMapping: 0.320300 ms MarkObjects: 4.792200 ms  DeleteObjects: 0.038400 ms)

AssetImportParameters requested are different than current active one (requested -> active):
  custom:framework-win-MediaFoundation: 216162199b28c13a410421893ffa2e32 -> 
  custom:video-decoder-ogg-theora: a1e56fd34408186e4bbccfd4996cb3dc -> 
  custom:container-muxer-webm: aa71ff27fc2769a1b78a27578f13a17b -> 
  custom:container-demuxer-webm: 4f35f7cbe854078d1ac9338744f61a02 -> 
  custom:container-demuxer-ogg: 62fdf1f143b41e24485cea50d1cbac27 -> 
  custom:video-encoder-webm-vp8: eb34c28f22e8b96e1ab97ce403110664 -> 
  custom:video-decoder-webm-vp8: 9c59270c3fd7afecdb556c50c9e8de78 -> 
  custom:audio-decoder-ogg-vorbis: bf7c407c2cedff20999df2af8eb42d56 -> 
  custom:audio-encoder-webm-vorbis: bf7c407c2cedff20999df2af8eb42d56 -> 
========================================================================
Received Import Request.
  path: Assets/Images/Image/Deep/Animation/Attack/Attack1_anim.anim
  artifactKey: Guid(a92830f697f5261469df966ce1e8245c) Importer(815301076,1909f56bfc062723c751e8b465ee728b)
Start importing Assets/Images/Image/Deep/Animation/Attack/Attack1_anim.anim using Guid(a92830f697f5261469df966ce1e8245c) Importer(815301076,1909f56bfc062723c751e8b465ee728b)  -> (artifact id: '1fd4761d23516bde7ce7506f460baf2c') in 0.077965 seconds 
  Import took 0.086388 seconds .

========================================================================
Received Import Request.
  Time since last request: 9.632259 seconds.
  path: Assets/Images/Image/Deep/Animation/JumpRun_anim.anim
  artifactKey: Guid(ae89829212935e348bed11bb7f2cefec) Importer(815301076,1909f56bfc062723c751e8b465ee728b)
Start importing Assets/Images/Image/Deep/Animation/JumpRun_anim.anim using Guid(ae89829212935e348bed11bb7f2cefec) Importer(815301076,1909f56bfc062723c751e8b465ee728b)  -> (artifact id: '2e1d726c3ce5702064aaf51d10382207') in 0.042347 seconds 
  Import took 0.051911 seconds .

========================================================================
Received Import Request.
  Time since last request: 7.323217 seconds.
  path: Assets/Images/Image/Deep/Animation/RunJump_anim.anim
  artifactKey: Guid(ae89829212935e348bed11bb7f2cefec) Importer(815301076,1909f56bfc062723c751e8b465ee728b)
Start importing Assets/Images/Image/Deep/Animation/RunJump_anim.anim using Guid(ae89829212935e348bed11bb7f2cefec) Importer(815301076,1909f56bfc062723c751e8b465ee728b)  -> (artifact id: '71a30f556a183cc9ca0f0ed16eb9b603') in 0.015513 seconds 
  Import took 0.026524 seconds .

========================================================================
Received Import Request.
  Time since last request: 5.438701 seconds.
  path: Assets/Images/Image/Deep/Animation/Jump_anim.anim
  artifactKey: Guid(4d10f2836490eef498a4cb27ae0d0239) Importer(815301076,1909f56bfc062723c751e8b465ee728b)
Start importing Assets/Images/Image/Deep/Animation/Jump_anim.anim using Guid(4d10f2836490eef498a4cb27ae0d0239) Importer(815301076,1909f56bfc062723c751e8b465ee728b)  -> (artifact id: 'd100afd1925fc0b150e7d08a0307c3ec') in 0.017813 seconds 
  Import took 0.029664 seconds .

========================================================================
Received Import Request.
  Time since last request: 1.297624 seconds.
  path: Assets/Images/Image/Deep/Animation/Idle_anim.anim
  artifactKey: Guid(7587dfbc1bc3df546bdccff0ef2a2e6b) Importer(815301076,1909f56bfc062723c751e8b465ee728b)
Start importing Assets/Images/Image/Deep/Animation/Idle_anim.anim using Guid(7587dfbc1bc3df546bdccff0ef2a2e6b) Importer(815301076,1909f56bfc062723c751e8b465ee728b)  -> (artifact id: '6e7e791f36b0d0ff187520a2dbc757fb') in 0.018553 seconds 
  Import took 0.031648 seconds .

========================================================================
Received Import Request.
  Time since last request: 0.872752 seconds.
  path: Assets/Images/Image/Deep/Animation/Land_anim.anim
  artifactKey: Guid(9b1219cb6ce343f4e83bd2e66c55d681) Importer(815301076,1909f56bfc062723c751e8b465ee728b)
Start importing Assets/Images/Image/Deep/Animation/Land_anim.anim using Guid(9b1219cb6ce343f4e83bd2e66c55d681) Importer(815301076,1909f56bfc062723c751e8b465ee728b)  -> (artifact id: '35157078ce63ed0e294239f58f39711b') in 0.023459 seconds 
  Import took 0.034764 seconds .

========================================================================
Received Import Request.
  Time since last request: 1.330147 seconds.
  path: Assets/Images/Image/Deep/Animation/Walk_anim.anim
  artifactKey: Guid(07dbcc1676887f242aa5036872f568cc) Importer(815301076,1909f56bfc062723c751e8b465ee728b)
Start importing Assets/Images/Image/Deep/Animation/Walk_anim.anim using Guid(07dbcc1676887f242aa5036872f568cc) Importer(815301076,1909f56bfc062723c751e8b465ee728b)  -> (artifact id: 'd9cadb89ab2364080d826133345181fc') in 0.013992 seconds 
  Import took 0.024648 seconds .

========================================================================
Received Import Request.
  Time since last request: 2.702809 seconds.
  path: Assets/Images/Image/Deep/Animation/Run_anim.anim
  artifactKey: Guid(bc06ae5ac4c25a54d93b347f53efa9d4) Importer(815301076,1909f56bfc062723c751e8b465ee728b)
Start importing Assets/Images/Image/Deep/Animation/Run_anim.anim using Guid(bc06ae5ac4c25a54d93b347f53efa9d4) Importer(815301076,1909f56bfc062723c751e8b465ee728b)  -> (artifact id: '7b2bdf42ab497de6a0ad7e9658c32000') in 0.026470 seconds 
  Import took 0.036866 seconds .

========================================================================
Received Import Request.
  Time since last request: 1.647839 seconds.
  path: Assets/Images/Image/Deep/Animation/Rolling_anim.anim
  artifactKey: Guid(e459cfc1085786a469ade78a0e86745e) Importer(815301076,1909f56bfc062723c751e8b465ee728b)
Start importing Assets/Images/Image/Deep/Animation/Rolling_anim.anim using Guid(e459cfc1085786a469ade78a0e86745e) Importer(815301076,1909f56bfc062723c751e8b465ee728b)  -> (artifact id: '1885a2e0eca470a5fa358980641ade24') in 0.014068 seconds 
  Import took 0.023283 seconds .

========================================================================
Received Import Request.
  Time since last request: 7.938714 seconds.
  path: Assets/Images/Image/Deep/Animation/Movement
  artifactKey: Guid(78f9df8914e2e974eb7182da44a07f55) Importer(815301076,1909f56bfc062723c751e8b465ee728b)
Start importing Assets/Images/Image/Deep/Animation/Movement using Guid(78f9df8914e2e974eb7182da44a07f55) Importer(815301076,1909f56bfc062723c751e8b465ee728b)  -> (artifact id: '519640fc8bfb94ef9ff3787d34d6bda2') in 0.010673 seconds 
  Import took 0.021559 seconds .

========================================================================
Received Import Request.
  Time since last request: 2.473442 seconds.
  path: Assets/Images/Image/Deep/Animation/Sliding_anim.anim
  artifactKey: Guid(83efb4f786dbaee49b3646d303e7f842) Importer(815301076,1909f56bfc062723c751e8b465ee728b)
Start importing Assets/Images/Image/Deep/Animation/Sliding_anim.anim using Guid(83efb4f786dbaee49b3646d303e7f842) Importer(815301076,1909f56bfc062723c751e8b465ee728b)  -> (artifact id: 'd42eaf249f351db916891994ea438d63') in 0.011188 seconds 
  Import took 0.020696 seconds .

========================================================================
Received Import Request.
  Time since last request: 5.299709 seconds.
  path: Assets/Images/Image/Deep/Animation/Hurt1_anim.anim
  artifactKey: Guid(77c73e3dd5016634e94d916d94d8b735) Importer(815301076,1909f56bfc062723c751e8b465ee728b)
Start importing Assets/Images/Image/Deep/Animation/Hurt1_anim.anim using Guid(77c73e3dd5016634e94d916d94d8b735) Importer(815301076,1909f56bfc062723c751e8b465ee728b)  -> (artifact id: 'f288517895ec6b39e9569925052a737c') in 0.012648 seconds 
  Import took 0.024072 seconds .

========================================================================
Received Import Request.
  Time since last request: 5.466492 seconds.
  path: Assets/Images/Image/Deep/Animation/DoubleJump_anim.anim
  artifactKey: Guid(d212e119d7414114fa7c56bac6cdcde7) Importer(815301076,1909f56bfc062723c751e8b465ee728b)
Start importing Assets/Images/Image/Deep/Animation/DoubleJump_anim.anim using Guid(d212e119d7414114fa7c56bac6cdcde7) Importer(815301076,1909f56bfc062723c751e8b465ee728b)  -> (artifact id: '0d749309be210d6c9203dedd0414202f') in 0.036795 seconds 
  Import took 0.045313 seconds .

========================================================================
Received Import Request.
  Time since last request: 0.809238 seconds.
  path: Assets/Images/Image/Deep/Animation/DoubleJump2_anim.anim
  artifactKey: Guid(dbb0936cd91f4e049b93f346dec4032a) Importer(815301076,1909f56bfc062723c751e8b465ee728b)
Start importing Assets/Images/Image/Deep/Animation/DoubleJump2_anim.anim using Guid(dbb0936cd91f4e049b93f346dec4032a) Importer(815301076,1909f56bfc062723c751e8b465ee728b)  -> (artifact id: 'df4af7e1f570e8a2002671f492756171') in 0.028839 seconds 
  Import took 0.039739 seconds .

========================================================================
Received Import Request.
  Time since last request: 1.081571 seconds.
  path: Assets/Images/Image/Deep/Animation/DefenseHurt_anim.anim
  artifactKey: Guid(8ede08f4c6301934cb1e08411f22bb02) Importer(815301076,1909f56bfc062723c751e8b465ee728b)
Start importing Assets/Images/Image/Deep/Animation/DefenseHurt_anim.anim using Guid(8ede08f4c6301934cb1e08411f22bb02) Importer(815301076,1909f56bfc062723c751e8b465ee728b)  -> (artifact id: '00dd7372b76aaea7fbe7ecf2eb0b0b6a') in 0.011516 seconds 
  Import took 0.021725 seconds .

========================================================================
Received Import Request.
  Time since last request: 0.732994 seconds.
  path: Assets/Images/Image/Deep/Animation/Defense_anim.anim
  artifactKey: Guid(bd6caa0fd8e337c42aa93465a1360166) Importer(815301076,1909f56bfc062723c751e8b465ee728b)
Start importing Assets/Images/Image/Deep/Animation/Defense_anim.anim using Guid(bd6caa0fd8e337c42aa93465a1360166) Importer(815301076,1909f56bfc062723c751e8b465ee728b)  -> (artifact id: '085bfcaaa0b101363f040a08b59b9ad8') in 0.045078 seconds 
  Import took 0.053842 seconds .

========================================================================
Received Import Request.
  Time since last request: 29.713305 seconds.
  path: Assets/Images/Image/Firen/Animation/Firen_AC.controller
  artifactKey: Guid(8f5c3d8e62e8c014fb2e3a7424d73d35) Importer(815301076,1909f56bfc062723c751e8b465ee728b)
Start importing Assets/Images/Image/Firen/Animation/Firen_AC.controller using Guid(8f5c3d8e62e8c014fb2e3a7424d73d35) Importer(815301076,1909f56bfc062723c751e8b465ee728b)  -> (artifact id: '54d318b374213632df235fc157617174') in 0.041645 seconds 
  Import took 0.052348 seconds .

========================================================================
Received Import Request.
  Time since last request: 10.510366 seconds.
  path: Assets/Images/Image/Deep/Animation/Attack
  artifactKey: Guid(c52cebb35c9165e4ab14b6fc136e9b27) Importer(815301076,1909f56bfc062723c751e8b465ee728b)
Start importing Assets/Images/Image/Deep/Animation/Attack using Guid(c52cebb35c9165e4ab14b6fc136e9b27) Importer(815301076,1909f56bfc062723c751e8b465ee728b)  -> (artifact id: '60bf22f136576b257dff7d9ce1e0e6a7') in 0.009930 seconds 
  Import took 0.020300 seconds .

========================================================================
Received Import Request.
  Time since last request: 2.042600 seconds.
  path: Assets/Images/Image/Deep/Animation/projectile
  artifactKey: Guid(a171310bbb895fa4cab687e559a46952) Importer(815301076,1909f56bfc062723c751e8b465ee728b)
Start importing Assets/Images/Image/Deep/Animation/projectile using Guid(a171310bbb895fa4cab687e559a46952) Importer(815301076,1909f56bfc062723c751e8b465ee728b)  -> (artifact id: '455580b0d5ee7cc751e814217311d6b3') in 0.010672 seconds 
  Import took 0.021329 seconds .

========================================================================
Received Import Request.
  Time since last request: 34.039984 seconds.
  path: Assets/Images/Image/David/David/Animation/David_AC.controller
  artifactKey: Guid(d355e415be66e3741957dd7d028e948a) Importer(815301076,1909f56bfc062723c751e8b465ee728b)
Start importing Assets/Images/Image/David/David/Animation/David_AC.controller using Guid(d355e415be66e3741957dd7d028e948a) Importer(815301076,1909f56bfc062723c751e8b465ee728b)  -> (artifact id: 'd46880c4bfa91523e041cbf1df7b1e61') in 0.026270 seconds 
  Import took 0.033902 seconds .

========================================================================
Received Import Request.
  Time since last request: 15.334047 seconds.
  path: Assets/Images/Image/Deep/Animation/projectile/DeepDLA.controller
  artifactKey: Guid(a86f0458899716943977d38350466f1d) Importer(815301076,1909f56bfc062723c751e8b465ee728b)
Start importing Assets/Images/Image/Deep/Animation/projectile/DeepDLA.controller using Guid(a86f0458899716943977d38350466f1d) Importer(815301076,1909f56bfc062723c751e8b465ee728b)  -> (artifact id: 'ed99b6de3f10be1e6bfed78ccbc69e9e') in 0.019113 seconds 
  Import took 0.029801 seconds .

========================================================================
Received Prepare
Registering precompiled user dll's ...
Registered in 0.015425 seconds.
Begin MonoManager ReloadAssembly
Native extension for WindowsStandalone target not found
Refreshing native plugins compatible for Editor in 1.01 ms, found 2 plugins.
Preloading 0 native plugins for Editor in 0.00 ms.
Mono: successfully reloaded assembly
- Completed reload, in  2.732 seconds
Domain Reload Profiling:
	ReloadAssembly (2733ms)
		BeginReloadAssembly (243ms)
			ExecutionOrderSort (0ms)
			DisableScriptedObjects (8ms)
			BackupInstance (0ms)
			ReleaseScriptingObjects (0ms)
			CreateAndSetChildDomain (81ms)
		EndReloadAssembly (2361ms)
			LoadAssemblies (211ms)
			RebuildTransferFunctionScriptingTraits (0ms)
			SetupTypeCache (760ms)
			ReleaseScriptCaches (1ms)
			RebuildScriptCaches (92ms)
			SetupLoadedEditorAssemblies (1089ms)
				LogAssemblyErrors (0ms)
				InitializePlatformSupportModulesInManaged (7ms)
				SetLoadedEditorAssemblies (1ms)
				RefreshPlugins (1ms)
				BeforeProcessingInitializeOnLoad (208ms)
				ProcessInitializeOnLoadAttributes (847ms)
				ProcessInitializeOnLoadMethodAttributes (16ms)
				AfterProcessingInitializeOnLoad (10ms)
				EditorAssembliesLoaded (1ms)
			ExecutionOrderSort2 (0ms)
			AwakeInstancesAfterBackupRestoration (11ms)
Platform modules already initialized, skipping
Refreshing native plugins compatible for Editor in 1.12 ms, found 2 plugins.
Preloading 0 native plugins for Editor in 0.00 ms.
Unloading 3000 Unused Serialized files (Serialized files now loaded: 0)
System memory in use before: 147.9 MB.
System memory in use after: 148.1 MB.

Unloading 33 unused Assets to reduce memory usage. Loaded Objects now: 3462.
Total: 4.859300 ms (FindLiveObjects: 0.288600 ms CreateObjectMapping: 0.181900 ms MarkObjects: 4.349500 ms  DeleteObjects: 0.037300 ms)

AssetImportParameters requested are different than current active one (requested -> active):
  custom:framework-win-MediaFoundation: 216162199b28c13a410421893ffa2e32 -> 
  custom:video-decoder-ogg-theora: a1e56fd34408186e4bbccfd4996cb3dc -> 
  custom:container-muxer-webm: aa71ff27fc2769a1b78a27578f13a17b -> 
  custom:container-demuxer-webm: 4f35f7cbe854078d1ac9338744f61a02 -> 
  custom:container-demuxer-ogg: 62fdf1f143b41e24485cea50d1cbac27 -> 
  custom:video-encoder-webm-vp8: eb34c28f22e8b96e1ab97ce403110664 -> 
  custom:video-decoder-webm-vp8: 9c59270c3fd7afecdb556c50c9e8de78 -> 
  custom:audio-decoder-ogg-vorbis: bf7c407c2cedff20999df2af8eb42d56 -> 
  custom:audio-encoder-webm-vorbis: bf7c407c2cedff20999df2af8eb42d56 -> 
========================================================================
Received Prepare
Registering precompiled user dll's ...
Registered in 0.010615 seconds.
Begin MonoManager ReloadAssembly
Native extension for WindowsStandalone target not found
Refreshing native plugins compatible for Editor in 0.86 ms, found 2 plugins.
Preloading 0 native plugins for Editor in 0.00 ms.
Mono: successfully reloaded assembly
- Completed reload, in  2.486 seconds
Domain Reload Profiling:
	ReloadAssembly (2486ms)
		BeginReloadAssembly (225ms)
			ExecutionOrderSort (0ms)
			DisableScriptedObjects (9ms)
			BackupInstance (0ms)
			ReleaseScriptingObjects (0ms)
			CreateAndSetChildDomain (79ms)
		EndReloadAssembly (2147ms)
			LoadAssemblies (199ms)
			RebuildTransferFunctionScriptingTraits (0ms)
			SetupTypeCache (675ms)
			ReleaseScriptCaches (1ms)
			RebuildScriptCaches (95ms)
			SetupLoadedEditorAssemblies (1002ms)
				LogAssemblyErrors (0ms)
				InitializePlatformSupportModulesInManaged (8ms)
				SetLoadedEditorAssemblies (1ms)
				RefreshPlugins (1ms)
				BeforeProcessingInitializeOnLoad (161ms)
				ProcessInitializeOnLoadAttributes (805ms)
				ProcessInitializeOnLoadMethodAttributes (16ms)
				AfterProcessingInitializeOnLoad (10ms)
				EditorAssembliesLoaded (1ms)
			ExecutionOrderSort2 (0ms)
			AwakeInstancesAfterBackupRestoration (10ms)
Platform modules already initialized, skipping
Refreshing native plugins compatible for Editor in 1.08 ms, found 2 plugins.
Preloading 0 native plugins for Editor in 0.00 ms.
Unloading 2999 Unused Serialized files (Serialized files now loaded: 0)
System memory in use before: 147.9 MB.
System memory in use after: 148.1 MB.

Unloading 34 unused Assets to reduce memory usage. Loaded Objects now: 3463.
Total: 8.150500 ms (FindLiveObjects: 0.457800 ms CreateObjectMapping: 0.435300 ms MarkObjects: 7.208200 ms  DeleteObjects: 0.047400 ms)

AssetImportParameters requested are different than current active one (requested -> active):
  custom:framework-win-MediaFoundation: 216162199b28c13a410421893ffa2e32 -> 
  custom:video-decoder-ogg-theora: a1e56fd34408186e4bbccfd4996cb3dc -> 
  custom:container-muxer-webm: aa71ff27fc2769a1b78a27578f13a17b -> 
  custom:container-demuxer-webm: 4f35f7cbe854078d1ac9338744f61a02 -> 
  custom:container-demuxer-ogg: 62fdf1f143b41e24485cea50d1cbac27 -> 
  custom:video-encoder-webm-vp8: eb34c28f22e8b96e1ab97ce403110664 -> 
  custom:video-decoder-webm-vp8: 9c59270c3fd7afecdb556c50c9e8de78 -> 
  custom:audio-decoder-ogg-vorbis: bf7c407c2cedff20999df2af8eb42d56 -> 
  custom:audio-encoder-webm-vorbis: bf7c407c2cedff20999df2af8eb42d56 -> 
========================================================================
Received Prepare
Registering precompiled user dll's ...
Registered in 0.010447 seconds.
Begin MonoManager ReloadAssembly
Native extension for WindowsStandalone target not found
Refreshing native plugins compatible for Editor in 1.09 ms, found 2 plugins.
Preloading 0 native plugins for Editor in 0.00 ms.
Mono: successfully reloaded assembly
- Completed reload, in  2.447 seconds
Domain Reload Profiling:
	ReloadAssembly (2448ms)
		BeginReloadAssembly (228ms)
			ExecutionOrderSort (0ms)
			DisableScriptedObjects (10ms)
			BackupInstance (0ms)
			ReleaseScriptingObjects (0ms)
			CreateAndSetChildDomain (81ms)
		EndReloadAssembly (2082ms)
			LoadAssemblies (199ms)
			RebuildTransferFunctionScriptingTraits (0ms)
			SetupTypeCache (692ms)
			ReleaseScriptCaches (1ms)
			RebuildScriptCaches (76ms)
			SetupLoadedEditorAssemblies (965ms)
				LogAssemblyErrors (0ms)
				InitializePlatformSupportModulesInManaged (9ms)
				SetLoadedEditorAssemblies (1ms)
				RefreshPlugins (1ms)
				BeforeProcessingInitializeOnLoad (163ms)
				ProcessInitializeOnLoadAttributes (766ms)
				ProcessInitializeOnLoadMethodAttributes (15ms)
				AfterProcessingInitializeOnLoad (10ms)
				EditorAssembliesLoaded (1ms)
			ExecutionOrderSort2 (0ms)
			AwakeInstancesAfterBackupRestoration (10ms)
Platform modules already initialized, skipping
Refreshing native plugins compatible for Editor in 1.05 ms, found 2 plugins.
Preloading 0 native plugins for Editor in 0.00 ms.
Unloading 2998 Unused Serialized files (Serialized files now loaded: 0)
System memory in use before: 147.9 MB.
System memory in use after: 148.1 MB.

Unloading 34 unused Assets to reduce memory usage. Loaded Objects now: 3464.
Total: 5.389600 ms (FindLiveObjects: 0.387400 ms CreateObjectMapping: 0.304700 ms MarkObjects: 4.662500 ms  DeleteObjects: 0.033600 ms)

AssetImportParameters requested are different than current active one (requested -> active):
  custom:framework-win-MediaFoundation: 216162199b28c13a410421893ffa2e32 -> 
  custom:video-decoder-ogg-theora: a1e56fd34408186e4bbccfd4996cb3dc -> 
  custom:container-muxer-webm: aa71ff27fc2769a1b78a27578f13a17b -> 
  custom:container-demuxer-webm: 4f35f7cbe854078d1ac9338744f61a02 -> 
  custom:container-demuxer-ogg: 62fdf1f143b41e24485cea50d1cbac27 -> 
  custom:video-encoder-webm-vp8: eb34c28f22e8b96e1ab97ce403110664 -> 
  custom:video-decoder-webm-vp8: 9c59270c3fd7afecdb556c50c9e8de78 -> 
  custom:audio-decoder-ogg-vorbis: bf7c407c2cedff20999df2af8eb42d56 -> 
  custom:audio-encoder-webm-vorbis: bf7c407c2cedff20999df2af8eb42d56 -> 
========================================================================
Received Import Request.
  Time since last request: 186.678953 seconds.
  path: Assets/Images/Image/Deep/Deep/Deep Movement/Input/PlayerInputHandler.cs
  artifactKey: Guid(5e2922412cbef614c977995097efed9f) Importer(815301076,1909f56bfc062723c751e8b465ee728b)
Start importing Assets/Images/Image/Deep/Deep/Deep Movement/Input/PlayerInputHandler.cs using Guid(5e2922412cbef614c977995097efed9f) Importer(815301076,1909f56bfc062723c751e8b465ee728b)  -> (artifact id: 'e9bca728ba5cc2cdbc3a47c039bc8297') in 0.043521 seconds 
  Import took 0.053999 seconds .

========================================================================
Received Prepare
Registering precompiled user dll's ...
Registered in 0.010696 seconds.
Begin MonoManager ReloadAssembly
Native extension for WindowsStandalone target not found
Refreshing native plugins compatible for Editor in 0.97 ms, found 2 plugins.
Preloading 0 native plugins for Editor in 0.00 ms.
Mono: successfully reloaded assembly
- Completed reload, in  2.414 seconds
Domain Reload Profiling:
	ReloadAssembly (2414ms)
		BeginReloadAssembly (219ms)
			ExecutionOrderSort (0ms)
			DisableScriptedObjects (12ms)
			BackupInstance (0ms)
			ReleaseScriptingObjects (0ms)
			CreateAndSetChildDomain (66ms)
		EndReloadAssembly (2072ms)
			LoadAssemblies (197ms)
			RebuildTransferFunctionScriptingTraits (0ms)
			SetupTypeCache (727ms)
			ReleaseScriptCaches (1ms)
			RebuildScriptCaches (86ms)
			SetupLoadedEditorAssemblies (906ms)
				LogAssemblyErrors (0ms)
				InitializePlatformSupportModulesInManaged (7ms)
				SetLoadedEditorAssemblies (1ms)
				RefreshPlugins (1ms)
				BeforeProcessingInitializeOnLoad (146ms)
				ProcessInitializeOnLoadAttributes (725ms)
				ProcessInitializeOnLoadMethodAttributes (16ms)
				AfterProcessingInitializeOnLoad (11ms)
				EditorAssembliesLoaded (1ms)
			ExecutionOrderSort2 (0ms)
			AwakeInstancesAfterBackupRestoration (12ms)
Platform modules already initialized, skipping
Refreshing native plugins compatible for Editor in 1.11 ms, found 2 plugins.
Preloading 0 native plugins for Editor in 0.00 ms.
Unloading 2998 Unused Serialized files (Serialized files now loaded: 0)
System memory in use before: 148.0 MB.
System memory in use after: 148.3 MB.

Unloading 33 unused Assets to reduce memory usage. Loaded Objects now: 3466.
Total: 5.347600 ms (FindLiveObjects: 0.423300 ms CreateObjectMapping: 0.340900 ms MarkObjects: 4.539500 ms  DeleteObjects: 0.042600 ms)

AssetImportParameters requested are different than current active one (requested -> active):
  custom:framework-win-MediaFoundation: 216162199b28c13a410421893ffa2e32 -> 
  custom:video-decoder-ogg-theora: a1e56fd34408186e4bbccfd4996cb3dc -> 
  custom:container-muxer-webm: aa71ff27fc2769a1b78a27578f13a17b -> 
  custom:container-demuxer-webm: 4f35f7cbe854078d1ac9338744f61a02 -> 
  custom:container-demuxer-ogg: 62fdf1f143b41e24485cea50d1cbac27 -> 
  custom:video-encoder-webm-vp8: eb34c28f22e8b96e1ab97ce403110664 -> 
  custom:video-decoder-webm-vp8: 9c59270c3fd7afecdb556c50c9e8de78 -> 
  custom:audio-decoder-ogg-vorbis: bf7c407c2cedff20999df2af8eb42d56 -> 
  custom:audio-encoder-webm-vorbis: bf7c407c2cedff20999df2af8eb42d56 -> 
========================================================================
Received Import Request.
  Time since last request: 33.588869 seconds.
  path: Assets/Images/Image/Deep/Deep/Animation/Deep_AC.controller
  artifactKey: Guid(03bcadce80c48e64d9e95dc3aac7ad26) Importer(815301076,1909f56bfc062723c751e8b465ee728b)
Start importing Assets/Images/Image/Deep/Deep/Animation/Deep_AC.controller using Guid(03bcadce80c48e64d9e95dc3aac7ad26) Importer(815301076,1909f56bfc062723c751e8b465ee728b)  -> (artifact id: '60c0edb266b7eabb96a0593896fc5072') in 0.063458 seconds 
  Import took 0.072268 seconds .

========================================================================
Received Import Request.
  Time since last request: 45.544251 seconds.
  path: Assets/Images/Image/Deep/Animation/Movement/Air_anim.anim
  artifactKey: Guid(6721b7f46304ed44ea9f481f9dc2ff7c) Importer(815301076,1909f56bfc062723c751e8b465ee728b)
Start importing Assets/Images/Image/Deep/Animation/Movement/Air_anim.anim using Guid(6721b7f46304ed44ea9f481f9dc2ff7c) Importer(815301076,1909f56bfc062723c751e8b465ee728b)  -> (artifact id: '5c0c3e712c3ad6e7ca36caf5e9b64a8e') in 0.086333 seconds 
  Import took 0.096118 seconds .

========================================================================
Received Import Request.
  Time since last request: 43.972510 seconds.
  path: Assets/Images/Image/Deep/Deep/Animation/Fall_2_1anim.anim
  artifactKey: Guid(ad33c9055af44644aaaed5057c8be2b2) Importer(815301076,1909f56bfc062723c751e8b465ee728b)
Start importing Assets/Images/Image/Deep/Deep/Animation/Fall_2_1anim.anim using Guid(ad33c9055af44644aaaed5057c8be2b2) Importer(815301076,1909f56bfc062723c751e8b465ee728b)  -> (artifact id: 'bc763db5c198e869ad9cf50fdfa415b1') in 0.011458 seconds 
  Import took 0.023837 seconds .

========================================================================
Received Import Request.
  Time since last request: 0.301945 seconds.
  path: Assets/Images/Image/Deep/Deep/Animation/Fall_1_anim.anim
  artifactKey: Guid(6985618feb1951148b2c985c89966090) Importer(815301076,1909f56bfc062723c751e8b465ee728b)
Start importing Assets/Images/Image/Deep/Deep/Animation/Fall_1_anim.anim using Guid(6985618feb1951148b2c985c89966090) Importer(815301076,1909f56bfc062723c751e8b465ee728b)  -> (artifact id: '9260e3954402003858c1435fedae6a56') in 0.010325 seconds 
  Import took 0.020943 seconds .

========================================================================
Received Import Request.
  Time since last request: 0.276892 seconds.
  path: Assets/Images/Image/Deep/Deep/Animation/Fall_1_1anim.anim
  artifactKey: Guid(d0935b259eb014840bcb26950080583d) Importer(815301076,1909f56bfc062723c751e8b465ee728b)
Start importing Assets/Images/Image/Deep/Deep/Animation/Fall_1_1anim.anim using Guid(d0935b259eb014840bcb26950080583d) Importer(815301076,1909f56bfc062723c751e8b465ee728b)  -> (artifact id: '7e96be765f85c3cd2af46e3198ca8268') in 0.013666 seconds 
  Import took 0.023382 seconds .

========================================================================
Received Import Request.
  Time since last request: 2.860607 seconds.
  path: Assets/Images/Image/Deep/Deep/Animation/Fall_2_anim.anim
  artifactKey: Guid(56912418a48dfe34bb627ea0a57a77be) Importer(815301076,1909f56bfc062723c751e8b465ee728b)
Start importing Assets/Images/Image/Deep/Deep/Animation/Fall_2_anim.anim using Guid(56912418a48dfe34bb627ea0a57a77be) Importer(815301076,1909f56bfc062723c751e8b465ee728b)  -> (artifact id: 'baab264a79214811579a56c66d6335a9') in 0.011128 seconds 
  Import took 0.019780 seconds .

========================================================================
Received Import Request.
  Time since last request: 0.351761 seconds.
  path: Assets/Images/Image/Deep/Deep/Animation/Hurt1_anim.anim
  artifactKey: Guid(d28c50e605cde974b9adb9a7d33848ce) Importer(815301076,1909f56bfc062723c751e8b465ee728b)
Start importing Assets/Images/Image/Deep/Deep/Animation/Hurt1_anim.anim using Guid(d28c50e605cde974b9adb9a7d33848ce) Importer(815301076,1909f56bfc062723c751e8b465ee728b)  -> (artifact id: '5b59bd98bb09f4ee71fe9033fb51fd43') in 0.004111 seconds 
  Import took 0.014336 seconds .

========================================================================
Received Import Request.
  Time since last request: 0.347195 seconds.
  path: Assets/Images/Image/Deep/Deep/Animation/Hurt2_anim.anim
  artifactKey: Guid(6ad5053186f971843b2ccb371a325255) Importer(815301076,1909f56bfc062723c751e8b465ee728b)
Start importing Assets/Images/Image/Deep/Deep/Animation/Hurt2_anim.anim using Guid(6ad5053186f971843b2ccb371a325255) Importer(815301076,1909f56bfc062723c751e8b465ee728b)  -> (artifact id: 'f8c3f2a519b4d72cdeb5ed9ffc73dabd') in 0.014397 seconds 
  Import took 0.022655 seconds .

========================================================================
Received Import Request.
  Time since last request: 38.012823 seconds.
  path: Assets/Images/Image/Deep/Deep/Animation/Attack
  artifactKey: Guid(f1ee150f84296d540afce3c288564e77) Importer(815301076,1909f56bfc062723c751e8b465ee728b)
Start importing Assets/Images/Image/Deep/Deep/Animation/Attack using Guid(f1ee150f84296d540afce3c288564e77) Importer(815301076,1909f56bfc062723c751e8b465ee728b)  -> (artifact id: 'fc9e21428f7a0d6bc7fe63dd4cbf4b76') in 0.004248 seconds 
  Import took 0.012573 seconds .

========================================================================
Received Import Request.
  Time since last request: 6.615566 seconds.
  path: Assets/Images/Image/Deep/Deep/Animation/Movement
  artifactKey: Guid(6aa65bbcf3a37534583fac120340472e) Importer(815301076,1909f56bfc062723c751e8b465ee728b)
Start importing Assets/Images/Image/Deep/Deep/Animation/Movement using Guid(6aa65bbcf3a37534583fac120340472e) Importer(815301076,1909f56bfc062723c751e8b465ee728b)  -> (artifact id: '813afaf05b3b8466f14bc5ec58e871c5') in 0.012648 seconds 
  Import took 0.023600 seconds .

========================================================================
Received Import Request.
  Time since last request: 20.006575 seconds.
  path: Assets/Images/Image/Deep/Deep/Animation/Hurt
  artifactKey: Guid(644a6052faa64e14ba49556350808d4b) Importer(815301076,1909f56bfc062723c751e8b465ee728b)
Start importing Assets/Images/Image/Deep/Deep/Animation/Hurt using Guid(644a6052faa64e14ba49556350808d4b) Importer(815301076,1909f56bfc062723c751e8b465ee728b)  -> (artifact id: 'cb3280aef4b1e291e71f718f528f13b5') in 0.012457 seconds 
  Import took 0.023663 seconds .

========================================================================
Received Import Request.
  Time since last request: 25.193967 seconds.
  path: Assets/Images/Image/Deep/Deep/Animation/Combp
  artifactKey: Guid(56b79cac035ccae4eaec72c0370f6625) Importer(815301076,1909f56bfc062723c751e8b465ee728b)
Start importing Assets/Images/Image/Deep/Deep/Animation/Combp using Guid(56b79cac035ccae4eaec72c0370f6625) Importer(815301076,1909f56bfc062723c751e8b465ee728b)  -> (artifact id: 'f28452695bc5f4b2d59efd28ce61b93c') in 0.012879 seconds 
  Import took 0.021851 seconds .

========================================================================
Received Import Request.
  Time since last request: 4.507497 seconds.
  path: Assets/Images/Image/Deep/Deep/Animation/Combo
  artifactKey: Guid(56b79cac035ccae4eaec72c0370f6625) Importer(815301076,1909f56bfc062723c751e8b465ee728b)
Start importing Assets/Images/Image/Deep/Deep/Animation/Combo using Guid(56b79cac035ccae4eaec72c0370f6625) Importer(815301076,1909f56bfc062723c751e8b465ee728b)  -> (artifact id: 'fb060a596f57aa9a03791adcdf21ff16') in 0.011192 seconds 
  Import took 0.019192 seconds .

========================================================================
Received Prepare
Registering precompiled user dll's ...
Registered in 0.012659 seconds.
Begin MonoManager ReloadAssembly
Native extension for WindowsStandalone target not found
Refreshing native plugins compatible for Editor in 1.01 ms, found 2 plugins.
Preloading 0 native plugins for Editor in 0.00 ms.
Mono: successfully reloaded assembly
- Completed reload, in  2.500 seconds
Domain Reload Profiling:
	ReloadAssembly (2500ms)
		BeginReloadAssembly (232ms)
			ExecutionOrderSort (0ms)
			DisableScriptedObjects (9ms)
			BackupInstance (0ms)
			ReleaseScriptingObjects (0ms)
			CreateAndSetChildDomain (83ms)
		EndReloadAssembly (2145ms)
			LoadAssemblies (206ms)
			RebuildTransferFunctionScriptingTraits (0ms)
			SetupTypeCache (689ms)
			ReleaseScriptCaches (1ms)
			RebuildScriptCaches (108ms)
			SetupLoadedEditorAssemblies (950ms)
				LogAssemblyErrors (0ms)
				InitializePlatformSupportModulesInManaged (7ms)
				SetLoadedEditorAssemblies (1ms)
				RefreshPlugins (1ms)
				BeforeProcessingInitializeOnLoad (160ms)
				ProcessInitializeOnLoadAttributes (752ms)
				ProcessInitializeOnLoadMethodAttributes (18ms)
				AfterProcessingInitializeOnLoad (10ms)
				EditorAssembliesLoaded (1ms)
			ExecutionOrderSort2 (0ms)
			AwakeInstancesAfterBackupRestoration (10ms)
Platform modules already initialized, skipping
Refreshing native plugins compatible for Editor in 1.12 ms, found 2 plugins.
Preloading 0 native plugins for Editor in 0.00 ms.
Unloading 2997 Unused Serialized files (Serialized files now loaded: 0)
System memory in use before: 148.1 MB.
System memory in use after: 148.3 MB.

Unloading 34 unused Assets to reduce memory usage. Loaded Objects now: 3467.
Total: 5.488200 ms (FindLiveObjects: 0.313300 ms CreateObjectMapping: 0.170500 ms MarkObjects: 4.964200 ms  DeleteObjects: 0.038500 ms)

AssetImportParameters requested are different than current active one (requested -> active):
  custom:framework-win-MediaFoundation: 216162199b28c13a410421893ffa2e32 -> 
  custom:video-decoder-ogg-theora: a1e56fd34408186e4bbccfd4996cb3dc -> 
  custom:container-muxer-webm: aa71ff27fc2769a1b78a27578f13a17b -> 
  custom:container-demuxer-webm: 4f35f7cbe854078d1ac9338744f61a02 -> 
  custom:container-demuxer-ogg: 62fdf1f143b41e24485cea50d1cbac27 -> 
  custom:video-encoder-webm-vp8: eb34c28f22e8b96e1ab97ce403110664 -> 
  custom:video-decoder-webm-vp8: 9c59270c3fd7afecdb556c50c9e8de78 -> 
  custom:audio-decoder-ogg-vorbis: bf7c407c2cedff20999df2af8eb42d56 -> 
  custom:audio-encoder-webm-vorbis: bf7c407c2cedff20999df2af8eb42d56 -> 
========================================================================
Received Prepare
Registering precompiled user dll's ...
Registered in 0.013528 seconds.
Begin MonoManager ReloadAssembly
Native extension for WindowsStandalone target not found
Refreshing native plugins compatible for Editor in 0.95 ms, found 2 plugins.
Preloading 0 native plugins for Editor in 0.00 ms.
Mono: successfully reloaded assembly
- Completed reload, in  2.307 seconds
Domain Reload Profiling:
	ReloadAssembly (2307ms)
		BeginReloadAssembly (244ms)
			ExecutionOrderSort (0ms)
			DisableScriptedObjects (12ms)
			BackupInstance (0ms)
			ReleaseScriptingObjects (0ms)
			CreateAndSetChildDomain (91ms)
		EndReloadAssembly (1917ms)
			LoadAssemblies (199ms)
			RebuildTransferFunctionScriptingTraits (0ms)
			SetupTypeCache (613ms)
			ReleaseScriptCaches (1ms)
			RebuildScriptCaches (77ms)
			SetupLoadedEditorAssemblies (876ms)
				LogAssemblyErrors (0ms)
				InitializePlatformSupportModulesInManaged (7ms)
				SetLoadedEditorAssemblies (1ms)
				RefreshPlugins (1ms)
				BeforeProcessingInitializeOnLoad (150ms)
				ProcessInitializeOnLoadAttributes (692ms)
				ProcessInitializeOnLoadMethodAttributes (16ms)
				AfterProcessingInitializeOnLoad (9ms)
				EditorAssembliesLoaded (1ms)
			ExecutionOrderSort2 (0ms)
			AwakeInstancesAfterBackupRestoration (10ms)
Platform modules already initialized, skipping
Refreshing native plugins compatible for Editor in 1.43 ms, found 2 plugins.
Preloading 0 native plugins for Editor in 0.00 ms.
Unloading 2994 Unused Serialized files (Serialized files now loaded: 0)
System memory in use before: 148.0 MB.
System memory in use after: 148.2 MB.

Unloading 36 unused Assets to reduce memory usage. Loaded Objects now: 3466.
Total: 5.321600 ms (FindLiveObjects: 0.409800 ms CreateObjectMapping: 0.350600 ms MarkObjects: 4.520100 ms  DeleteObjects: 0.039900 ms)

AssetImportParameters requested are different than current active one (requested -> active):
  custom:framework-win-MediaFoundation: 216162199b28c13a410421893ffa2e32 -> 
  custom:video-decoder-ogg-theora: a1e56fd34408186e4bbccfd4996cb3dc -> 
  custom:container-muxer-webm: aa71ff27fc2769a1b78a27578f13a17b -> 
  custom:container-demuxer-webm: 4f35f7cbe854078d1ac9338744f61a02 -> 
  custom:container-demuxer-ogg: 62fdf1f143b41e24485cea50d1cbac27 -> 
  custom:video-encoder-webm-vp8: eb34c28f22e8b96e1ab97ce403110664 -> 
  custom:video-decoder-webm-vp8: 9c59270c3fd7afecdb556c50c9e8de78 -> 
  custom:audio-decoder-ogg-vorbis: bf7c407c2cedff20999df2af8eb42d56 -> 
  custom:audio-encoder-webm-vorbis: bf7c407c2cedff20999df2af8eb42d56 -> 
========================================================================
Received Import Request.
  Time since last request: 153.405721 seconds.
  path: Assets/Images/Image/Deep/Deep/Animation/Hurt 1
  artifactKey: Guid(4fe6de8e57e34cb47b5ea2c62187cdad) Importer(815301076,1909f56bfc062723c751e8b465ee728b)
Start importing Assets/Images/Image/Deep/Deep/Animation/Hurt 1 using Guid(4fe6de8e57e34cb47b5ea2c62187cdad) Importer(815301076,1909f56bfc062723c751e8b465ee728b)  -> (artifact id: '86d732ca1692995f8e6ee8587d78cc80') in 0.020080 seconds 
  Import took 0.028928 seconds .

========================================================================
Received Import Request.
  Time since last request: 21.021796 seconds.
  path: Assets/Images/Image/Freeze/Animation
  artifactKey: Guid(4da97156032eb7c40a80a50b7047b53a) Importer(815301076,1909f56bfc062723c751e8b465ee728b)
Start importing Assets/Images/Image/Freeze/Animation using Guid(4da97156032eb7c40a80a50b7047b53a) Importer(815301076,1909f56bfc062723c751e8b465ee728b)  -> (artifact id: 'd06e9ff7f64fdd10a669dffbd1734cdf') in 0.013600 seconds 
  Import took 0.024027 seconds .

========================================================================
Received Import Request.
  Time since last request: 1.424393 seconds.
  path: Assets/Images/Image/Freeze/Attack 1
  artifactKey: Guid(50645636fbdb61e40999fb7a93f7467f) Importer(815301076,1909f56bfc062723c751e8b465ee728b)
Start importing Assets/Images/Image/Freeze/Attack 1 using Guid(50645636fbdb61e40999fb7a93f7467f) Importer(815301076,1909f56bfc062723c751e8b465ee728b)  -> (artifact id: 'a3c8b042c95f41bd1ff66189ca6b2962') in 0.017901 seconds 
  Import took 0.031996 seconds .

========================================================================
Received Import Request.
  Time since last request: 23.749444 seconds.
  path: Assets/Images/Image/Hunter/Animation
  artifactKey: Guid(3998f8b3abd56254bba6a00fb7dd997a) Importer(815301076,1909f56bfc062723c751e8b465ee728b)
Start importing Assets/Images/Image/Hunter/Animation using Guid(3998f8b3abd56254bba6a00fb7dd997a) Importer(815301076,1909f56bfc062723c751e8b465ee728b)  -> (artifact id: '2f355498e8079688b1fda23fe3e66ff3') in 0.003605 seconds 
  Import took 0.011813 seconds .

========================================================================
Received Import Request.
  Time since last request: 7.444883 seconds.
  path: Assets/Images/Image/Freeze/Animation 1
  artifactKey: Guid(ac3c8525b8d0b1e4aa297e4c332fe6a7) Importer(815301076,1909f56bfc062723c751e8b465ee728b)
Start importing Assets/Images/Image/Freeze/Animation 1 using Guid(ac3c8525b8d0b1e4aa297e4c332fe6a7) Importer(815301076,1909f56bfc062723c751e8b465ee728b)  -> (artifact id: '1b579d7a0df3de946e028d03a0f2ce4e') in 0.011254 seconds 
  Import took 0.021166 seconds .

========================================================================
Received Import Request.
  Time since last request: 40.007661 seconds.
  path: Assets/Images/Image/Freeze/Animation 1
  artifactKey: Guid(ea72cf5bbc857e44ea83fc5fc061d74d) Importer(815301076,1909f56bfc062723c751e8b465ee728b)
Start importing Assets/Images/Image/Freeze/Animation 1 using Guid(ea72cf5bbc857e44ea83fc5fc061d74d) Importer(815301076,1909f56bfc062723c751e8b465ee728b)  -> (artifact id: 'ccfd22018abc42e61394fc14a9b910ea') in 0.012147 seconds 
  Import took 0.030451 seconds .

========================================================================
Received Import Request.
  Time since last request: 7.751194 seconds.
  path: Assets/Images/Image/Henry/Animation/Combo 1
  artifactKey: Guid(9498815e56d073b4b95966ed0459586e) Importer(815301076,1909f56bfc062723c751e8b465ee728b)
Start importing Assets/Images/Image/Henry/Animation/Combo 1 using Guid(9498815e56d073b4b95966ed0459586e) Importer(815301076,1909f56bfc062723c751e8b465ee728b)  -> (artifact id: 'c9ff326ac88b91ec86af788d487f3230') in 0.010215 seconds 
  Import took 0.020020 seconds .

========================================================================
Received Import Request.
  Time since last request: 91.363767 seconds.
  path: Assets/Images/Image/Firen/Animation/Hurt/Hurt3_Firen.anim
  artifactKey: Guid(48a7367e37045154ca1aa11615198832) Importer(815301076,1909f56bfc062723c751e8b465ee728b)
Start importing Assets/Images/Image/Firen/Animation/Hurt/Hurt3_Firen.anim using Guid(48a7367e37045154ca1aa11615198832) Importer(815301076,1909f56bfc062723c751e8b465ee728b)  -> (artifact id: '1329f633aba6fc50595c61ca7190a77f') in 0.057812 seconds 
  Import took 0.067680 seconds .

========================================================================
Received Import Request.
  Time since last request: 0.344141 seconds.
  path: Assets/Images/Image/Firen/Animation/Hurt/Hurt2_Firen.anim
  artifactKey: Guid(c9acb1e232bd090458a16553cd9e3503) Importer(815301076,1909f56bfc062723c751e8b465ee728b)
Start importing Assets/Images/Image/Firen/Animation/Hurt/Hurt2_Firen.anim using Guid(c9acb1e232bd090458a16553cd9e3503) Importer(815301076,1909f56bfc062723c751e8b465ee728b)  -> (artifact id: '83a3376e2ad85f66c8118076f9356655') in 0.010767 seconds 
  Import took 0.022417 seconds .

========================================================================
Received Import Request.
  Time since last request: 0.427059 seconds.
  path: Assets/Images/Image/Firen/Animation/Hurt/Hurt1_Firen.anim
  artifactKey: Guid(baf7f0dcd74c22c4aaa835d3696a6d0d) Importer(815301076,1909f56bfc062723c751e8b465ee728b)
Start importing Assets/Images/Image/Firen/Animation/Hurt/Hurt1_Firen.anim using Guid(baf7f0dcd74c22c4aaa835d3696a6d0d) Importer(815301076,1909f56bfc062723c751e8b465ee728b)  -> (artifact id: 'f329218c8e5c7a72ae5e2f0c6b015add') in 0.076283 seconds 
  Import took 0.083380 seconds .

========================================================================
Received Import Request.
  Time since last request: 0.916156 seconds.
  path: Assets/Images/Image/Firen/Animation/Hurt/Fall2_firen.anim
  artifactKey: Guid(e809ec9de51bc0146ad7b2bbea739556) Importer(815301076,1909f56bfc062723c751e8b465ee728b)
Start importing Assets/Images/Image/Firen/Animation/Hurt/Fall2_firen.anim using Guid(e809ec9de51bc0146ad7b2bbea739556) Importer(815301076,1909f56bfc062723c751e8b465ee728b)  -> (artifact id: '77343a68c47b9c56e3ae8868f1af9e5d') in 0.013100 seconds 
  Import took 0.023144 seconds .

========================================================================
Received Import Request.
  Time since last request: 0.451844 seconds.
  path: Assets/Images/Image/Firen/Animation/Hurt/Fall2_1firen.anim
  artifactKey: Guid(966f41d3a0d209349bde2e63d7f09a00) Importer(815301076,1909f56bfc062723c751e8b465ee728b)
Start importing Assets/Images/Image/Firen/Animation/Hurt/Fall2_1firen.anim using Guid(966f41d3a0d209349bde2e63d7f09a00) Importer(815301076,1909f56bfc062723c751e8b465ee728b)  -> (artifact id: '050c5c79953153ffe3754f97dce8b2ba') in 0.011571 seconds 
  Import took 0.020036 seconds .

========================================================================
Received Import Request.
  Time since last request: 3.215249 seconds.
  path: Assets/Images/Image/Firen/Animation/Movement/Idle_firen.anim
  artifactKey: Guid(71451455b5242a4418a4715469fe228d) Importer(815301076,1909f56bfc062723c751e8b465ee728b)
Start importing Assets/Images/Image/Firen/Animation/Movement/Idle_firen.anim using Guid(71451455b5242a4418a4715469fe228d) Importer(815301076,1909f56bfc062723c751e8b465ee728b)  -> (artifact id: '7057f33ed123a135d01e5a1f77d39f89') in 0.011106 seconds 
  Import took 0.019199 seconds .

========================================================================
Received Import Request.
  Time since last request: 0.366619 seconds.
  path: Assets/Images/Image/Firen/Animation/Movement/DoubleJump_firen.anim
  artifactKey: Guid(20e41129753632747ac0a3d39b3c6ac3) Importer(815301076,1909f56bfc062723c751e8b465ee728b)
Start importing Assets/Images/Image/Firen/Animation/Movement/DoubleJump_firen.anim using Guid(20e41129753632747ac0a3d39b3c6ac3) Importer(815301076,1909f56bfc062723c751e8b465ee728b)  -> (artifact id: '7c323b2ebb7a1cd6d3f7ac03aa70f508') in 0.064866 seconds 
  Import took 0.075039 seconds .

========================================================================
Received Import Request.
  Time since last request: 0.300749 seconds.
  path: Assets/Images/Image/Firen/Animation/Movement/DoubleJump_2firen.anim
  artifactKey: Guid(ab4927c20b7eced4ea762df6f6ebf032) Importer(815301076,1909f56bfc062723c751e8b465ee728b)
Start importing Assets/Images/Image/Firen/Animation/Movement/DoubleJump_2firen.anim using Guid(ab4927c20b7eced4ea762df6f6ebf032) Importer(815301076,1909f56bfc062723c751e8b465ee728b)  -> (artifact id: '3541c0fcad35f8d37d04cbd1e876c0da') in 0.010476 seconds 
  Import took 0.020021 seconds .

========================================================================
Received Import Request.
  Time since last request: 5.819000 seconds.
  path: Assets/Images/Image/Freeze/Animation/Attack 1/Attack1_anim.anim
  artifactKey: Guid(7dbd2306430295d4b88fa5a93e5e4baf) Importer(815301076,1909f56bfc062723c751e8b465ee728b)
Start importing Assets/Images/Image/Freeze/Animation/Attack 1/Attack1_anim.anim using Guid(7dbd2306430295d4b88fa5a93e5e4baf) Importer(815301076,1909f56bfc062723c751e8b465ee728b)  -> (artifact id: '15fff98cea7170f8b20a6a9a13fedfb4') in 0.004531 seconds 
  Import took 0.013713 seconds .

========================================================================
Received Import Request.
  Time since last request: 1.016502 seconds.
  path: Assets/Images/Image/Freeze/Animation/Attack 1/Attack2_anim.anim
  artifactKey: Guid(1c7215a411096194199ec9da1381db91) Importer(815301076,1909f56bfc062723c751e8b465ee728b)
Start importing Assets/Images/Image/Freeze/Animation/Attack 1/Attack2_anim.anim using Guid(1c7215a411096194199ec9da1381db91) Importer(815301076,1909f56bfc062723c751e8b465ee728b)  -> (artifact id: '74bef7e61913d25d751bf52bb6d5e3c4') in 0.015838 seconds 
  Import took 0.030942 seconds .

========================================================================
Received Import Request.
  Time since last request: 0.414494 seconds.
  path: Assets/Images/Image/Freeze/Animation/Attack 1/Attack3_anim.anim
  artifactKey: Guid(594524660eb3c8741b8af02a03cff65e) Importer(815301076,1909f56bfc062723c751e8b465ee728b)
Start importing Assets/Images/Image/Freeze/Animation/Attack 1/Attack3_anim.anim using Guid(594524660eb3c8741b8af02a03cff65e) Importer(815301076,1909f56bfc062723c751e8b465ee728b)  -> (artifact id: '980e8acd380e60eed18a6bf159870ff0') in 0.011816 seconds 
  Import took 0.021368 seconds .

========================================================================
Received Import Request.
  Time since last request: 2.936400 seconds.
  path: Assets/Images/Image/Freeze/Animation/Hurt 1/Fall_1_1anim.anim
  artifactKey: Guid(71caa4a4f975a85418ab584d3696895d) Importer(815301076,1909f56bfc062723c751e8b465ee728b)
Start importing Assets/Images/Image/Freeze/Animation/Hurt 1/Fall_1_1anim.anim using Guid(71caa4a4f975a85418ab584d3696895d) Importer(815301076,1909f56bfc062723c751e8b465ee728b)  -> (artifact id: '3f758acdb19198d64e213b62ab85d61d') in 0.005431 seconds 
  Import took 0.015424 seconds .

========================================================================
Received Import Request.
  Time since last request: 0.361946 seconds.
  path: Assets/Images/Image/Freeze/Animation/Hurt 1/Fall_1_anim.anim
  artifactKey: Guid(8e2a9dd44137c4a41951c992cc696301) Importer(815301076,1909f56bfc062723c751e8b465ee728b)
Start importing Assets/Images/Image/Freeze/Animation/Hurt 1/Fall_1_anim.anim using Guid(8e2a9dd44137c4a41951c992cc696301) Importer(815301076,1909f56bfc062723c751e8b465ee728b)  -> (artifact id: '58f422ffdb6dae7bf6cd091089c93453') in 0.004333 seconds 
  Import took 0.012528 seconds .

========================================================================
Received Import Request.
  Time since last request: 0.356801 seconds.
  path: Assets/Images/Image/Freeze/Animation/Hurt 1/Fall_2_1anim.anim
  artifactKey: Guid(45487529513557040beef23e20d67f44) Importer(815301076,1909f56bfc062723c751e8b465ee728b)
Start importing Assets/Images/Image/Freeze/Animation/Hurt 1/Fall_2_1anim.anim using Guid(45487529513557040beef23e20d67f44) Importer(815301076,1909f56bfc062723c751e8b465ee728b)  -> (artifact id: '9f389a448d79c6099c39dc5e12abe141') in 0.004350 seconds 
  Import took 0.012255 seconds .

========================================================================
Received Import Request.
  Time since last request: 0.347129 seconds.
  path: Assets/Images/Image/Freeze/Animation/Hurt 1/Fall_2_anim.anim
  artifactKey: Guid(7f1bd85d473017c409fdbda8ace054c4) Importer(815301076,1909f56bfc062723c751e8b465ee728b)
Start importing Assets/Images/Image/Freeze/Animation/Hurt 1/Fall_2_anim.anim using Guid(7f1bd85d473017c409fdbda8ace054c4) Importer(815301076,1909f56bfc062723c751e8b465ee728b)  -> (artifact id: '6b692f65818711d04f79deaa11b50e27') in 0.003941 seconds 
  Import took 0.011852 seconds .

========================================================================
Received Import Request.
  Time since last request: 0.415047 seconds.
  path: Assets/Images/Image/Freeze/Animation/Hurt 1/Hurt1_anim.anim
  artifactKey: Guid(228b1754cf94e9c4e9e1978481b2ebdc) Importer(815301076,1909f56bfc062723c751e8b465ee728b)
Start importing Assets/Images/Image/Freeze/Animation/Hurt 1/Hurt1_anim.anim using Guid(228b1754cf94e9c4e9e1978481b2ebdc) Importer(815301076,1909f56bfc062723c751e8b465ee728b)  -> (artifact id: 'f5b433dc18cbc5d7cb4a9bacd04d4c2f') in 0.004454 seconds 
  Import took 0.012464 seconds .

========================================================================
Received Import Request.
  Time since last request: 0.376427 seconds.
  path: Assets/Images/Image/Freeze/Animation/Hurt 1/Hurt2_anim.anim
  artifactKey: Guid(b1c4a0df7fb49d54da3bdf4ede2fddfd) Importer(815301076,1909f56bfc062723c751e8b465ee728b)
Start importing Assets/Images/Image/Freeze/Animation/Hurt 1/Hurt2_anim.anim using Guid(b1c4a0df7fb49d54da3bdf4ede2fddfd) Importer(815301076,1909f56bfc062723c751e8b465ee728b)  -> (artifact id: '55fb79cbede5d5e27b9e4fedb8218d4c') in 0.013076 seconds 
  Import took 0.022967 seconds .

========================================================================
Received Import Request.
  Time since last request: 0.341644 seconds.
  path: Assets/Images/Image/Freeze/Animation/Hurt 1/Hurt3_anim.anim
  artifactKey: Guid(353dbd94e1689b441b7fdb8c03464c44) Importer(815301076,1909f56bfc062723c751e8b465ee728b)
Start importing Assets/Images/Image/Freeze/Animation/Hurt 1/Hurt3_anim.anim using Guid(353dbd94e1689b441b7fdb8c03464c44) Importer(815301076,1909f56bfc062723c751e8b465ee728b)  -> (artifact id: 'bcdf64b61babe5d8eccad19e19960280') in 0.015527 seconds 
  Import took 0.023987 seconds .

========================================================================
Received Import Request.
  Time since last request: 0.349541 seconds.
  path: Assets/Images/Image/Freeze/Animation/Hurt 1/Hurt4_anim.anim
  artifactKey: Guid(8416a50f952e26f49aa29446961d8b26) Importer(815301076,1909f56bfc062723c751e8b465ee728b)
Start importing Assets/Images/Image/Freeze/Animation/Hurt 1/Hurt4_anim.anim using Guid(8416a50f952e26f49aa29446961d8b26) Importer(815301076,1909f56bfc062723c751e8b465ee728b)  -> (artifact id: '0589c672c8cb3182faee3187a90f6952') in 0.058102 seconds 
  Import took 0.067349 seconds .

========================================================================
Received Import Request.
  Time since last request: 1.453762 seconds.
  path: Assets/Images/Image/Freeze/Animation/Movement 1
  artifactKey: Guid(0e03272779eb49946bbbf775391353e8) Importer(815301076,1909f56bfc062723c751e8b465ee728b)
Start importing Assets/Images/Image/Freeze/Animation/Movement 1 using Guid(0e03272779eb49946bbbf775391353e8) Importer(815301076,1909f56bfc062723c751e8b465ee728b)  -> (artifact id: '44e7b947e16f8c7927fc5a0e1ba163c2') in 0.011985 seconds 
  Import took 0.034312 seconds .

========================================================================
Received Import Request.
  Time since last request: 0.903663 seconds.
  path: Assets/Images/Image/Freeze/Animation/Movement 1/Air_anim.anim
  artifactKey: Guid(6aa562c46f8866c489513bcb19217469) Importer(815301076,1909f56bfc062723c751e8b465ee728b)
Start importing Assets/Images/Image/Freeze/Animation/Movement 1/Air_anim.anim using Guid(6aa562c46f8866c489513bcb19217469) Importer(815301076,1909f56bfc062723c751e8b465ee728b)  -> (artifact id: '72438d0afde253da0cf3126fc7fcf7af') in 0.008150 seconds 
  Import took 0.016640 seconds .

========================================================================
Received Import Request.
  Time since last request: 0.354884 seconds.
  path: Assets/Images/Image/Freeze/Animation/Movement 1/Defense_anim.anim
  artifactKey: Guid(29425c50b24a65d458047741599a7455) Importer(815301076,1909f56bfc062723c751e8b465ee728b)
Start importing Assets/Images/Image/Freeze/Animation/Movement 1/Defense_anim.anim using Guid(29425c50b24a65d458047741599a7455) Importer(815301076,1909f56bfc062723c751e8b465ee728b)  -> (artifact id: '51f99f2167e81a6967d088b7f6de5e97') in 0.013939 seconds 
  Import took 0.023475 seconds .

========================================================================
Received Import Request.
  Time since last request: 1.089013 seconds.
  path: Assets/Images/Image/Freeze/Animation/Movement 1/Idle_anim.anim
  artifactKey: Guid(b15b4170e8a233b41937ae42f5b6ecc2) Importer(815301076,1909f56bfc062723c751e8b465ee728b)
Start importing Assets/Images/Image/Freeze/Animation/Movement 1/Idle_anim.anim using Guid(b15b4170e8a233b41937ae42f5b6ecc2) Importer(815301076,1909f56bfc062723c751e8b465ee728b)  -> (artifact id: 'f1869cde4585fee59086e914e5ff45f0') in 0.004569 seconds 
  Import took 0.014142 seconds .

========================================================================
Received Import Request.
  Time since last request: 1.759633 seconds.
  path: Assets/Images/Image/Freeze/Animation/Movement 1/Walk_anim.anim
  artifactKey: Guid(d46de1877b7fa5a4aa2d2086b6b010e6) Importer(815301076,1909f56bfc062723c751e8b465ee728b)
Start importing Assets/Images/Image/Freeze/Animation/Movement 1/Walk_anim.anim using Guid(d46de1877b7fa5a4aa2d2086b6b010e6) Importer(815301076,1909f56bfc062723c751e8b465ee728b)  -> (artifact id: '0a15e44b59a31fbc7b510e4e8b7f80e0') in 0.011243 seconds 
  Import took 0.021398 seconds .

========================================================================
Received Import Request.
  Time since last request: 0.313648 seconds.
  path: Assets/Images/Image/Freeze/Animation/Movement 1/Sliding_anim.anim
  artifactKey: Guid(d32903b0f9fc60541bb7e000e5b8b506) Importer(815301076,1909f56bfc062723c751e8b465ee728b)
Start importing Assets/Images/Image/Freeze/Animation/Movement 1/Sliding_anim.anim using Guid(d32903b0f9fc60541bb7e000e5b8b506) Importer(815301076,1909f56bfc062723c751e8b465ee728b)  -> (artifact id: '8157df4b5ba26b1545b928e948179984') in 0.004283 seconds 
  Import took 0.012714 seconds .

========================================================================
Received Import Request.
  Time since last request: 0.286274 seconds.
  path: Assets/Images/Image/Freeze/Animation/Movement 1/RunJump_anim.anim
  artifactKey: Guid(d4ca32dd63ec42746915d9688601767c) Importer(815301076,1909f56bfc062723c751e8b465ee728b)
Start importing Assets/Images/Image/Freeze/Animation/Movement 1/RunJump_anim.anim using Guid(d4ca32dd63ec42746915d9688601767c) Importer(815301076,1909f56bfc062723c751e8b465ee728b)  -> (artifact id: 'd578e19d933562413d10c6154bcfe69c') in 0.004127 seconds 
  Import took 0.012210 seconds .

========================================================================
Received Import Request.
  Time since last request: 0.314252 seconds.
  path: Assets/Images/Image/Freeze/Animation/Movement 1/Run_Attack_anim.anim
  artifactKey: Guid(a57707f3ca660584c93584c6cd59a76f) Importer(815301076,1909f56bfc062723c751e8b465ee728b)
Start importing Assets/Images/Image/Freeze/Animation/Movement 1/Run_Attack_anim.anim using Guid(a57707f3ca660584c93584c6cd59a76f) Importer(815301076,1909f56bfc062723c751e8b465ee728b)  -> (artifact id: 'f7110a194c0650f04864b7839aebb779') in 0.010416 seconds 
  Import took 0.019998 seconds .

========================================================================
Received Import Request.
  Time since last request: 1.467635 seconds.
  path: Assets/Images/Image/Freeze/Animation/Movement 1/Rolling_anim.anim
  artifactKey: Guid(f9541d83e3295ec4ca375c539c6ff039) Importer(815301076,1909f56bfc062723c751e8b465ee728b)
Start importing Assets/Images/Image/Freeze/Animation/Movement 1/Rolling_anim.anim using Guid(f9541d83e3295ec4ca375c539c6ff039) Importer(815301076,1909f56bfc062723c751e8b465ee728b)  -> (artifact id: 'd51ae1dade7915eea9b3df8868cfb4d6') in 0.004120 seconds 
  Import took 0.013897 seconds .

========================================================================
Received Import Request.
  Time since last request: 0.318728 seconds.
  path: Assets/Images/Image/Freeze/Animation/Movement 1/Run_anim.anim
  artifactKey: Guid(67e0b108f28d00043b5e4e387840f9e9) Importer(815301076,1909f56bfc062723c751e8b465ee728b)
Start importing Assets/Images/Image/Freeze/Animation/Movement 1/Run_anim.anim using Guid(67e0b108f28d00043b5e4e387840f9e9) Importer(815301076,1909f56bfc062723c751e8b465ee728b)  -> (artifact id: 'dc36dfd7816e368b8f1c1aeb2645ef9c') in 0.004399 seconds 
  Import took 0.012811 seconds .

========================================================================
Received Import Request.
  Time since last request: 3.910304 seconds.
  path: Assets/Images/Image/Freeze/Animation/Movement 1/DoubleJump_anim.anim
  artifactKey: Guid(00cc0554b7946b6439ee11bbecafe372) Importer(815301076,1909f56bfc062723c751e8b465ee728b)
Start importing Assets/Images/Image/Freeze/Animation/Movement 1/DoubleJump_anim.anim using Guid(00cc0554b7946b6439ee11bbecafe372) Importer(815301076,1909f56bfc062723c751e8b465ee728b)  -> (artifact id: '0edc0a5d6d041649a821dbf5664dcc02') in 0.004369 seconds 
  Import took 0.012520 seconds .

========================================================================
Received Import Request.
  Time since last request: 0.466078 seconds.
  path: Assets/Images/Image/Freeze/Animation/Movement 1/DoubleJump2_anim.anim
  artifactKey: Guid(cb5e9ab7e651f364980ca33c99d503e2) Importer(815301076,1909f56bfc062723c751e8b465ee728b)
Start importing Assets/Images/Image/Freeze/Animation/Movement 1/DoubleJump2_anim.anim using Guid(cb5e9ab7e651f364980ca33c99d503e2) Importer(815301076,1909f56bfc062723c751e8b465ee728b)  -> (artifact id: '42a5c404151b7c9a83c4510bad1491cd') in 0.004282 seconds 
  Import took 0.012224 seconds .

========================================================================
Received Import Request.
  Time since last request: 0.505107 seconds.
  path: Assets/Images/Image/Freeze/Animation/Movement 1/DefenseHurt_anim.anim
  artifactKey: Guid(3b0711906b45f3b4387ef7f09ad94c73) Importer(815301076,1909f56bfc062723c751e8b465ee728b)
Start importing Assets/Images/Image/Freeze/Animation/Movement 1/DefenseHurt_anim.anim using Guid(3b0711906b45f3b4387ef7f09ad94c73) Importer(815301076,1909f56bfc062723c751e8b465ee728b)  -> (artifact id: '6a9dfd595322cbb5d91fd232180dde46') in 0.009505 seconds 
  Import took 0.020543 seconds .

========================================================================
Received Import Request.
  Time since last request: 4.324005 seconds.
  path: Assets/Images/Image/Freeze/Animation/Movement 1/Jump_anim.anim
  artifactKey: Guid(93c59683c73536b4a8a585d91294a8cc) Importer(815301076,1909f56bfc062723c751e8b465ee728b)
Start importing Assets/Images/Image/Freeze/Animation/Movement 1/Jump_anim.anim using Guid(93c59683c73536b4a8a585d91294a8cc) Importer(815301076,1909f56bfc062723c751e8b465ee728b)  -> (artifact id: '5470fbce90b7b3654b95eb7b774b7e0d') in 0.011130 seconds 
  Import took 0.020393 seconds .

========================================================================
Received Import Request.
  Time since last request: 0.395656 seconds.
  path: Assets/Images/Image/Freeze/Animation/Movement 1/Jump_Attack_anim.anim
  artifactKey: Guid(5d04282560d22254bb83948e15fded84) Importer(815301076,1909f56bfc062723c751e8b465ee728b)
Start importing Assets/Images/Image/Freeze/Animation/Movement 1/Jump_Attack_anim.anim using Guid(5d04282560d22254bb83948e15fded84) Importer(815301076,1909f56bfc062723c751e8b465ee728b)  -> (artifact id: '0251393c753bc2d6a62ea9ce5dc45766') in 0.013616 seconds 
  Import took 0.022592 seconds .

========================================================================
Received Import Request.
  Time since last request: 0.898496 seconds.
  path: Assets/Images/Image/Freeze/Animation/Movement 1/Land_anim.anim
  artifactKey: Guid(76fbb73927c76d8449afe4446edb829c) Importer(815301076,1909f56bfc062723c751e8b465ee728b)
Start importing Assets/Images/Image/Freeze/Animation/Movement 1/Land_anim.anim using Guid(76fbb73927c76d8449afe4446edb829c) Importer(815301076,1909f56bfc062723c751e8b465ee728b)  -> (artifact id: 'fc35d64002867af460b8c7281578c106') in 0.010063 seconds 
  Import took 0.019735 seconds .

========================================================================
Received Import Request.
  Time since last request: 34.036244 seconds.
  path: Assets/Images/Image/Freeze/Animation/Movement 1/Run_Jump_Atack_anim.anim
  artifactKey: Guid(6d1597c6452ca064285270cbfa4a679a) Importer(815301076,1909f56bfc062723c751e8b465ee728b)
Start importing Assets/Images/Image/Freeze/Animation/Movement 1/Run_Jump_Atack_anim.anim using Guid(6d1597c6452ca064285270cbfa4a679a) Importer(815301076,1909f56bfc062723c751e8b465ee728b)  -> (artifact id: '2c10ce9921b431b1c9c34972b47f2f6e') in 0.013609 seconds 
  Import took 0.023615 seconds .

